02-08-2017 18:51:06 INFO  MainServlet:34 - произведен вход за Администратора.
02-08-2017 18:51:08 INFO  AdminServlet:30 - Администратор нажал на кнопку "Список Товара"
02-08-2017 18:51:15 INFO  ItemListServlet:86 - Администратор нажал на кнопку "Изменить имя или цену товара" на странице списка товара
02-08-2017 18:51:26 INFO  ItemListServlet:78 - Администратор нажал на кнопку "удалить товар" на странице списка товара
02-08-2017 18:51:29 INFO  ItemListServlet:58 - Администратор нажал на кнопку "назад" на странице списка товара
02-08-2017 18:51:31 INFO  AdminServlet:25 - Администратор нажал на кнопку "Список Пользователей"
02-08-2017 18:51:34 INFO  UserListServlet:45 - Администратор нажал на кнопку "Назад" на странице списка пользователей
02-08-2017 18:51:35 INFO  AdminServlet:36 - Администратор нажал на кнопку "Выход"
02-08-2017 18:51:39 INFO  MainServlet:48 - произведен вход за покупателя admin  уже посещавшего магазин.
02-08-2017 18:51:42 INFO  UserServlet:91 - Пользователь admin  добавил товар Iphone в корзину
02-08-2017 18:51:44 INFO  UserServlet:91 - Пользователь admin  добавил товар Автомобиль в корзину
02-08-2017 18:51:45 INFO  UserServlet:91 - Пользователь admin  добавил товар Автомобиль в корзину
02-08-2017 18:51:45 INFO  UserServlet:91 - Пользователь admin  добавил товар Автомобиль в корзину
02-08-2017 18:51:45 INFO  UserServlet:91 - Пользователь admin  добавил товар Автомобиль в корзину
02-08-2017 18:51:46 INFO  UserServlet:75 - Пользователь admin  нажал на кнопку  "перейти в корзину" на странице списка товара
02-08-2017 18:52:02 INFO  BinServlet:56 - Пользователь admin  нажал на кнопку "Назад" (из корзины к списку товаров)
02-08-2017 18:54:52 INFO  MainServlet:48 - произведен вход за покупателя admin  уже посещавшего магазин.
02-08-2017 18:54:55 INFO  UserServlet:91 - Пользователь admin  добавил товар Вода в корзину
02-08-2017 18:54:56 INFO  UserServlet:91 - Пользователь admin  добавил товар Река в корзину
02-08-2017 18:54:59 INFO  UserServlet:91 - Пользователь admin  добавил товар Автомобиль в корзину
02-08-2017 18:55:00 INFO  UserServlet:75 - Пользователь admin  нажал на кнопку  "перейти в корзину" на странице списка товара
02-08-2017 18:55:06 INFO  BinServlet:56 - Пользователь admin  нажал на кнопку "Назад" (из корзины к списку товаров)
02-08-2017 18:55:11 INFO  UserServlet:75 - Пользователь admin  нажал на кнопку  "перейти в корзину" на странице списка товара
02-08-2017 18:55:26 INFO  UserServlet:75 - Пользователь admin  нажал на кнопку  "перейти в корзину" на странице списка товара
02-08-2017 18:55:30 INFO  BinServlet:28 - Пользователь admin нажал на кнопку "Выход"
02-08-2017 18:55:36 INFO  MainServlet:34 - произведен вход за Администратора.
02-08-2017 18:55:37 INFO  AdminServlet:25 - Администратор нажал на кнопку "Список Пользователей"
02-08-2017 18:55:40 INFO  UserListServlet:45 - Администратор нажал на кнопку "Назад" на странице списка пользователей
02-08-2017 18:55:42 INFO  AdminServlet:30 - Администратор нажал на кнопку "Список Товара"
02-08-2017 18:55:48 INFO  ItemListServlet:86 - Администратор нажал на кнопку "Изменить имя или цену товара" на странице списка товара
02-08-2017 18:55:53 INFO  ItemListServlet:86 - Администратор нажал на кнопку "Изменить имя или цену товара" на странице списка товара
02-08-2017 18:58:01 INFO  ItemListServlet:78 - Администратор нажал на кнопку "удалить товар" на странице списка товара
02-08-2017 18:58:04 INFO  ItemListServlet:58 - Администратор нажал на кнопку "назад" на странице списка товара
02-08-2017 18:58:05 INFO  AdminServlet:30 - Администратор нажал на кнопку "Список Товара"
02-08-2017 18:58:06 INFO  ItemListServlet:51 - Администратор нажал на кнопку "Сортировка товара по цене по возрастанию" на странице списка товара
02-08-2017 18:58:07 INFO  ItemListServlet:44 - Администратор нажал на кнопку "Сортировка товара по цене по убыванию" на странице списка товара
02-08-2017 18:58:09 INFO  ItemListServlet:51 - Администратор нажал на кнопку "Сортировка товара по цене по возрастанию" на странице списка товара
02-08-2017 18:58:15 INFO  ItemListServlet:44 - Администратор нажал на кнопку "Сортировка товара по цене по убыванию" на странице списка товара
02-08-2017 19:09:58 INFO  MainServlet:42 - Введено имя пользователя  admit , который еще не заходил в магазин
02-08-2017 19:09:58 INFO  MainServlet:48 - произведен вход за покупателя admit  уже посещавшего магазин.
02-08-2017 19:10:00 INFO  UserServlet:91 - Пользователь admit  добавил товар Молоко в корзину
02-08-2017 19:10:01 INFO  UserServlet:91 - Пользователь admit  добавил товар Кукуруза в корзину
02-08-2017 19:10:02 INFO  UserServlet:91 - Пользователь admit  добавил товар Воду в корзину
02-08-2017 19:10:04 INFO  UserServlet:75 - Пользователь admit  нажал на кнопку  "перейти в корзину" на странице списка товара
02-08-2017 19:10:05 INFO  BinServlet:38 - Пользователь admit удаляет товар из корзины
02-08-2017 19:10:08 INFO  BinServlet:56 - Пользователь admit  нажал на кнопку "Назад" (из корзины к списку товаров)
02-08-2017 19:10:10 INFO  UserServlet:42 - Пользователь admit  нажал на кнопку "Сортировка товара по имени по возрастанию" на странице списка товара
02-08-2017 19:10:10 INFO  UserServlet:36 - Пользователь admit  нажал на кнопку "Сортировка товара по имени по убыванию" на странице списка товара
02-08-2017 19:10:11 INFO  UserServlet:42 - Пользователь admit  нажал на кнопку "Сортировка товара по имени по возрастанию" на странице списка товара
02-08-2017 19:10:12 INFO  UserServlet:65 - Пользователь admit  нажал на кнопку "Выход" на странице списка товара
02-08-2017 19:10:21 INFO  MainServlet:34 - произведен вход за Администратора.
02-08-2017 19:10:22 INFO  AdminServlet:25 - Администратор нажал на кнопку "Список Пользователей"
02-08-2017 19:10:47 INFO  UserListServlet:45 - Администратор нажал на кнопку "Назад" на странице списка пользователей
02-08-2017 19:10:48 INFO  AdminServlet:30 - Администратор нажал на кнопку "Список Товара"
02-08-2017 19:10:57 INFO  ItemListServlet:37 - Администратор нажал на кнопку "Сортировка товара по имени по возрастанию" на странице списка товара
02-08-2017 19:11:05 INFO  ItemListServlet:86 - Администратор нажал на кнопку "Изменить имя или цену товара" на странице списка товара
02-08-2017 19:22:36 INFO  MainServlet:50 - произведен вход за покупателя admin  уже посещавшего магазин.
02-08-2017 19:22:38 INFO  UserServlet:88 - Пользователь admin  добавил товар Молоко в корзину
02-08-2017 19:22:39 INFO  UserServlet:88 - Пользователь admin  добавил товар Кукуруза в корзину
02-08-2017 19:22:40 INFO  UserServlet:88 - Пользователь admin  добавил товар Молоко в корзину
02-08-2017 19:22:41 INFO  UserServlet:71 - Пользователь admin  нажал на кнопку  "перейти в корзину" на странице списка товара
02-08-2017 19:22:42 INFO  BinServlet:40 - Пользователь admin удаляет товар из корзины
02-08-2017 19:22:43 INFO  BinServlet:40 - Пользователь admin удаляет товар из корзины
02-08-2017 19:22:43 INFO  BinServlet:40 - Пользователь admin удаляет товар из корзины
02-08-2017 19:22:44 INFO  BinServlet:29 - Пользователь admin нажал на кнопку "Выход"
02-08-2017 19:40:41 INFO  ItemListServlet:54 - Администратор нажал на кнопку "назад" на странице списка товара
02-08-2017 19:40:43 INFO  AdminServlet:42 - Администратор нажал на кнопку "Выход"
02-08-2017 19:58:54 INFO  MainServlet:34 - произведен вход за Администратора.
02-08-2017 19:58:58 INFO  AdminServlet:34 - Администратор нажал на кнопку "Список Товара"
02-08-2017 19:59:22 INFO  ItemListServlet:77 - Администратор нажал на кнопку "Изменить имя или цену товара" на странице списка товара
02-08-2017 19:59:43 INFO  ItemListServlet:77 - Администратор нажал на кнопку "Изменить имя или цену товара" на странице списка товара
02-08-2017 20:00:46 INFO  ItemListServlet:77 - Администратор нажал на кнопку "Изменить имя или цену товара" на странице списка товара
02-08-2017 20:01:01 INFO  ItemListServlet:77 - Администратор нажал на кнопку "Изменить имя или цену товара" на странице списка товара
02-08-2017 20:03:18 INFO  ItemListServlet:77 - Администратор нажал на кнопку "Изменить имя или цену товара" на странице списка товара
02-08-2017 20:03:42 INFO  ItemListServlet:77 - Администратор нажал на кнопку "Изменить имя или цену товара" на странице списка товара
02-08-2017 21:00:18 INFO  MainServlet:50 - произведен вход за покупателя admin  уже посещавшего магазин.
02-08-2017 21:00:21 INFO  UserServlet:93 - Пользователь admin  добавил товар Свекла в корзину
02-08-2017 21:00:21 INFO  UserServlet:93 - Пользователь admin  добавил товар Сметана в корзину
02-08-2017 21:00:22 INFO  UserServlet:93 - Пользователь admin  добавил товар Молоко в корзину
02-08-2017 21:00:23 INFO  UserServlet:72 - Пользователь admin  нажал на кнопку  "перейти в корзину" на странице списка товара
02-08-2017 21:00:29 INFO  BinServlet:41 - Пользователь admin удаляет товар из корзины
02-08-2017 21:00:30 INFO  BinServlet:41 - Пользователь admin удаляет товар из корзины
02-08-2017 21:00:30 INFO  BinServlet:41 - Пользователь admin удаляет товар из корзины
02-08-2017 21:00:33 INFO  BinServlet:62 - Пользователь admin  нажал на кнопку "Назад" (из корзины к списку товаров)
02-08-2017 21:00:35 INFO  UserServlet:72 - Пользователь admin  нажал на кнопку  "перейти в корзину" на странице списка товара
02-08-2017 21:00:36 INFO  BinServlet:30 - Пользователь admin нажал на кнопку "Выход"
02-08-2017 21:00:39 INFO  MainServlet:50 - произведен вход за покупателя admin  уже посещавшего магазин.
02-08-2017 21:00:41 INFO  UserServlet:72 - Пользователь admin  нажал на кнопку  "перейти в корзину" на странице списка товара
02-08-2017 21:00:43 INFO  BinServlet:62 - Пользователь admin  нажал на кнопку "Назад" (из корзины к списку товаров)
02-08-2017 21:00:44 INFO  UserServlet:93 - Пользователь admin  добавил товар Свекла в корзину
02-08-2017 21:00:45 INFO  UserServlet:72 - Пользователь admin  нажал на кнопку  "перейти в корзину" на странице списка товара
02-08-2017 21:00:46 INFO  BinServlet:62 - Пользователь admin  нажал на кнопку "Назад" (из корзины к списку товаров)
02-08-2017 21:00:47 INFO  UserServlet:93 - Пользователь admin  добавил товар Молоко в корзину
02-08-2017 21:00:48 INFO  UserServlet:93 - Пользователь admin  добавил товар Iphone в корзину
02-08-2017 21:00:49 INFO  UserServlet:72 - Пользователь admin  нажал на кнопку  "перейти в корзину" на странице списка товара
02-08-2017 21:00:51 INFO  BinServlet:41 - Пользователь admin удаляет товар из корзины
02-08-2017 21:00:52 INFO  BinServlet:41 - Пользователь admin удаляет товар из корзины
02-08-2017 21:00:53 INFO  BinServlet:41 - Пользователь admin удаляет товар из корзины
02-08-2017 21:01:12 INFO  BinServlet:62 - Пользователь admin  нажал на кнопку "Назад" (из корзины к списку товаров)
02-08-2017 21:01:14 INFO  UserServlet:72 - Пользователь admin  нажал на кнопку  "перейти в корзину" на странице списка товара
02-08-2017 21:01:15 INFO  BinServlet:30 - Пользователь admin нажал на кнопку "Выход"
02-08-2017 21:01:18 INFO  MainServlet:50 - произведен вход за покупателя admin  уже посещавшего магазин.
02-08-2017 21:01:19 INFO  UserServlet:72 - Пользователь admin  нажал на кнопку  "перейти в корзину" на странице списка товара
02-08-2017 21:01:21 INFO  BinServlet:62 - Пользователь admin  нажал на кнопку "Назад" (из корзины к списку товаров)
02-08-2017 21:01:23 INFO  UserServlet:93 - Пользователь admin  добавил товар Свекла в корзину
02-08-2017 21:01:24 INFO  UserServlet:72 - Пользователь admin  нажал на кнопку  "перейти в корзину" на странице списка товара
02-08-2017 21:01:25 INFO  BinServlet:41 - Пользователь admin удаляет товар из корзины
02-08-2017 21:01:27 INFO  BinServlet:62 - Пользователь admin  нажал на кнопку "Назад" (из корзины к списку товаров)
02-08-2017 21:01:28 INFO  UserServlet:93 - Пользователь admin  добавил товар Молоко в корзину
02-08-2017 21:01:29 INFO  UserServlet:93 - Пользователь admin  добавил товар Сметана в корзину
02-08-2017 21:01:30 INFO  UserServlet:72 - Пользователь admin  нажал на кнопку  "перейти в корзину" на странице списка товара
02-08-2017 21:01:33 INFO  BinServlet:41 - Пользователь admin удаляет товар из корзины
02-08-2017 21:01:34 INFO  BinServlet:41 - Пользователь admin удаляет товар из корзины
02-08-2017 21:01:36 INFO  BinServlet:62 - Пользователь admin  нажал на кнопку "Назад" (из корзины к списку товаров)
02-08-2017 21:02:36 INFO  MainServlet:50 - произведен вход за покупателя admin  уже посещавшего магазин.
02-08-2017 21:02:38 INFO  UserServlet:94 - Пользователь admin  добавил товар Свекла в корзину
02-08-2017 21:02:38 INFO  UserServlet:94 - Пользователь admin  добавил товар Сметана в корзину
02-08-2017 21:02:39 INFO  UserServlet:94 - Пользователь admin  добавил товар Молоко в корзину
02-08-2017 21:02:40 INFO  UserServlet:72 - Пользователь admin  нажал на кнопку  "перейти в корзину" на странице списка товара
02-08-2017 21:02:42 INFO  BinServlet:41 - Пользователь admin удаляет товар из корзины
02-08-2017 21:02:43 INFO  BinServlet:41 - Пользователь admin удаляет товар из корзины
02-08-2017 21:02:44 INFO  BinServlet:41 - Пользователь admin удаляет товар из корзины
02-08-2017 21:02:46 INFO  BinServlet:62 - Пользователь admin  нажал на кнопку "Назад" (из корзины к списку товаров)
02-08-2017 21:02:47 INFO  UserServlet:94 - Пользователь admin  добавил товар Колбаса в корзину
02-08-2017 21:02:47 INFO  UserServlet:94 - Пользователь admin  добавил товар Колбаса в корзину
02-08-2017 21:02:48 INFO  UserServlet:94 - Пользователь admin  добавил товар Колбаса в корзину
02-08-2017 21:02:48 INFO  UserServlet:94 - Пользователь admin  добавил товар Колбаса в корзину
02-08-2017 21:02:48 INFO  UserServlet:94 - Пользователь admin  добавил товар Колбаса в корзину
02-08-2017 21:02:48 INFO  UserServlet:94 - Пользователь admin  добавил товар Колбаса в корзину
02-08-2017 21:02:48 INFO  UserServlet:94 - Пользователь admin  добавил товар Колбаса в корзину
02-08-2017 21:02:48 INFO  UserServlet:94 - Пользователь admin  добавил товар Колбаса в корзину
02-08-2017 21:02:49 INFO  UserServlet:94 - Пользователь admin  добавил товар Колбаса в корзину
02-08-2017 21:02:49 INFO  UserServlet:94 - Пользователь admin  добавил товар Колбаса в корзину
02-08-2017 21:02:50 INFO  UserServlet:72 - Пользователь admin  нажал на кнопку  "перейти в корзину" на странице списка товара
02-08-2017 21:02:51 INFO  BinServlet:41 - Пользователь admin удаляет товар из корзины
02-08-2017 21:02:51 INFO  BinServlet:41 - Пользователь admin удаляет товар из корзины
02-08-2017 21:02:52 INFO  BinServlet:41 - Пользователь admin удаляет товар из корзины
02-08-2017 21:02:52 INFO  BinServlet:41 - Пользователь admin удаляет товар из корзины
02-08-2017 21:02:52 INFO  BinServlet:41 - Пользователь admin удаляет товар из корзины
02-08-2017 21:02:52 INFO  BinServlet:41 - Пользователь admin удаляет товар из корзины
02-08-2017 21:02:52 INFO  BinServlet:41 - Пользователь admin удаляет товар из корзины
02-08-2017 21:02:53 INFO  BinServlet:41 - Пользователь admin удаляет товар из корзины
02-08-2017 21:02:53 INFO  BinServlet:41 - Пользователь admin удаляет товар из корзины
02-08-2017 21:02:54 INFO  BinServlet:41 - Пользователь admin удаляет товар из корзины
02-08-2017 21:02:55 INFO  BinServlet:62 - Пользователь admin  нажал на кнопку "Назад" (из корзины к списку товаров)
02-08-2017 21:02:58 INFO  UserServlet:72 - Пользователь admin  нажал на кнопку  "перейти в корзину" на странице списка товара
02-08-2017 21:03:01 INFO  BinServlet:62 - Пользователь admin  нажал на кнопку "Назад" (из корзины к списку товаров)
02-08-2017 21:03:02 INFO  UserServlet:94 - Пользователь admin  добавил товар Воду в корзину
02-08-2017 21:03:03 INFO  UserServlet:94 - Пользователь admin  добавил товар Воду в корзину
02-08-2017 21:03:04 INFO  UserServlet:72 - Пользователь admin  нажал на кнопку  "перейти в корзину" на странице списка товара
02-08-2017 21:03:05 INFO  BinServlet:30 - Пользователь admin нажал на кнопку "Выход"
02-08-2017 21:03:08 INFO  MainServlet:50 - произведен вход за покупателя admin  уже посещавшего магазин.
02-08-2017 21:03:10 INFO  UserServlet:72 - Пользователь admin  нажал на кнопку  "перейти в корзину" на странице списка товара
02-08-2017 21:03:11 INFO  BinServlet:62 - Пользователь admin  нажал на кнопку "Назад" (из корзины к списку товаров)
02-08-2017 21:03:12 INFO  UserServlet:94 - Пользователь admin  добавил товар Кукуруза в корзину
02-08-2017 21:03:13 INFO  UserServlet:72 - Пользователь admin  нажал на кнопку  "перейти в корзину" на странице списка товара
02-08-2017 21:03:17 INFO  BinServlet:62 - Пользователь admin  нажал на кнопку "Назад" (из корзины к списку товаров)
02-08-2017 21:03:18 INFO  UserServlet:63 - Пользователь admin  нажал на кнопку "Выход" на странице списка товара
02-08-2017 21:03:22 INFO  MainServlet:50 - произведен вход за покупателя admin  уже посещавшего магазин.
02-08-2017 21:03:23 INFO  UserServlet:72 - Пользователь admin  нажал на кнопку  "перейти в корзину" на странице списка товара
02-08-2017 21:03:24 INFO  BinServlet:62 - Пользователь admin  нажал на кнопку "Назад" (из корзины к списку товаров)
02-08-2017 21:03:26 INFO  UserServlet:94 - Пользователь admin  добавил товар Кукуруза в корзину
02-08-2017 21:03:28 INFO  UserServlet:72 - Пользователь admin  нажал на кнопку  "перейти в корзину" на странице списка товара
02-08-2017 21:03:29 INFO  BinServlet:41 - Пользователь admin удаляет товар из корзины
02-08-2017 21:13:48 INFO  MainServlet:34 - произведен вход за Администратора.
02-08-2017 21:14:02 INFO  AdminServlet:27 - Администратор нажал на кнопку "Список Пользователей"
02-08-2017 21:14:03 INFO  UserListServlet:38 - Администратор нажал на кнопку "Сортировка пользвателей по имени по возрастанию" на странице списка пользователей
02-08-2017 21:14:10 INFO  UserListServlet:38 - Администратор нажал на кнопку "Сортировка пользвателей по имени по возрастанию" на странице списка пользователей
02-08-2017 21:14:11 INFO  UserListServlet:32 - Администратор нажал на кнопку "Сортировка пользвателей по имени по убыванию" на странице списка пользователей
02-08-2017 21:14:12 INFO  UserListServlet:32 - Администратор нажал на кнопку "Сортировка пользвателей по имени по убыванию" на странице списка пользователей
02-08-2017 21:14:13 INFO  UserListServlet:38 - Администратор нажал на кнопку "Сортировка пользвателей по имени по возрастанию" на странице списка пользователей
02-08-2017 21:14:14 INFO  UserListServlet:32 - Администратор нажал на кнопку "Сортировка пользвателей по имени по убыванию" на странице списка пользователей
02-08-2017 21:14:16 INFO  UserListServlet:38 - Администратор нажал на кнопку "Сортировка пользвателей по имени по возрастанию" на странице списка пользователей
02-08-2017 21:14:17 INFO  UserListServlet:32 - Администратор нажал на кнопку "Сортировка пользвателей по имени по убыванию" на странице списка пользователей
02-08-2017 21:14:40 INFO  UserListServlet:45 - Администратор нажал на кнопку "Назад" на странице списка пользователей
02-08-2017 21:14:41 INFO  AdminServlet:42 - Администратор нажал на кнопку "Выход"
02-08-2017 21:14:44 INFO  MainServlet:50 - произведен вход за покупателя admin  уже посещавшего магазин.
02-08-2017 21:14:49 INFO  UserServlet:37 - Пользователь admin  нажал на кнопку "Сортировка товара по имени по убыванию" на странице списка товара
02-08-2017 21:14:49 ERROR ItemService:97 - Ошибка при получении списка всех товаров
02-08-2017 21:15:38 INFO  MainServlet:50 - произведен вход за покупателя admin  уже посещавшего магазин.
02-08-2017 21:16:08 INFO  MainServlet:50 - произведен вход за покупателя admin  уже посещавшего магазин.
02-08-2017 21:16:13 INFO  UserServlet:37 - Пользователь admin  нажал на кнопку "Сортировка товара по имени по убыванию" на странице списка товара
02-08-2017 21:17:16 ERROR ItemService:97 - Ошибка при получении списка всех товаров
02-08-2017 21:31:46 INFO  MainServlet:34 - произведен вход за Администратора.
02-08-2017 21:31:48 INFO  AdminServlet:34 - Администратор нажал на кнопку "Список Товара"
02-08-2017 21:31:49 INFO  ItemListServlet:39 - Администратор нажал на кнопку "Сортировка товара по имени по возрастанию" на странице списка товара
02-08-2017 21:31:50 INFO  ItemListServlet:32 - Администратор нажал на кнопку "Сортировка товара по имени по убыванию" на странице списка товара
02-08-2017 21:31:51 INFO  ItemListServlet:39 - Администратор нажал на кнопку "Сортировка товара по имени по возрастанию" на странице списка товара
02-08-2017 21:31:52 INFO  ItemListServlet:51 - Администратор нажал на кнопку "Сортировка товара по цене по возрастанию" на странице списка товара
02-08-2017 21:31:52 INFO  ItemListServlet:45 - Администратор нажал на кнопку "Сортировка товара по цене по убыванию" на странице списка товара
02-08-2017 21:33:14 INFO  MainServlet:34 - произведен вход за Администратора.
02-08-2017 21:33:16 INFO  AdminServlet:34 - Администратор нажал на кнопку "Список Товара"
02-08-2017 21:33:18 INFO  ItemListServlet:39 - Администратор нажал на кнопку "Сортировка товара по имени по возрастанию" на странице списка товара
02-08-2017 21:36:50 INFO  MainServlet:34 - произведен вход за Администратора.
02-08-2017 21:36:52 INFO  AdminServlet:34 - Администратор нажал на кнопку "Список Товара"
02-08-2017 21:36:53 INFO  ItemListServlet:39 - Администратор нажал на кнопку "Сортировка товара по имени по возрастанию" на странице списка товара
02-08-2017 21:36:54 INFO  ItemListServlet:32 - Администратор нажал на кнопку "Сортировка товара по имени по убыванию" на странице списка товара
02-08-2017 21:37:03 INFO  ItemListServlet:51 - Администратор нажал на кнопку "Сортировка товара по цене по возрастанию" на странице списка товара
02-08-2017 21:37:05 INFO  ItemListServlet:45 - Администратор нажал на кнопку "Сортировка товара по цене по убыванию" на странице списка товара
02-08-2017 21:37:05 INFO  ItemListServlet:45 - Администратор нажал на кнопку "Сортировка товара по цене по убыванию" на странице списка товара
02-08-2017 21:37:05 INFO  ItemListServlet:45 - Администратор нажал на кнопку "Сортировка товара по цене по убыванию" на странице списка товара
02-08-2017 21:37:05 INFO  ItemListServlet:45 - Администратор нажал на кнопку "Сортировка товара по цене по убыванию" на странице списка товара
02-08-2017 21:37:06 INFO  ItemListServlet:45 - Администратор нажал на кнопку "Сортировка товара по цене по убыванию" на странице списка товара
02-08-2017 21:37:07 INFO  ItemListServlet:32 - Администратор нажал на кнопку "Сортировка товара по имени по убыванию" на странице списка товара
02-08-2017 21:37:09 INFO  ItemListServlet:32 - Администратор нажал на кнопку "Сортировка товара по имени по убыванию" на странице списка товара
02-08-2017 21:37:12 INFO  ItemListServlet:75 - Администратор нажал на кнопку "удалить товар" на странице списка товара
02-08-2017 21:37:13 INFO  ItemListServlet:32 - Администратор нажал на кнопку "Сортировка товара по имени по убыванию" на странице списка товара
02-08-2017 21:37:14 INFO  ItemListServlet:39 - Администратор нажал на кнопку "Сортировка товара по имени по возрастанию" на странице списка товара
02-08-2017 21:38:27 INFO  MainServlet:34 - произведен вход за Администратора.
02-08-2017 21:38:29 INFO  AdminServlet:34 - Администратор нажал на кнопку "Список Товара"
02-08-2017 21:38:30 INFO  ItemListServlet:39 - Администратор нажал на кнопку "Сортировка товара по имени по возрастанию" на странице списка товара
02-08-2017 21:39:10 INFO  MainServlet:45 - Введено имя пользователя  j , который еще не заходил в магазин
02-08-2017 21:39:10 INFO  MainServlet:50 - произведен вход за покупателя j  уже посещавшего магазин.
02-08-2017 21:39:16 INFO  MainServlet:34 - произведен вход за Администратора.
02-08-2017 21:39:17 INFO  AdminServlet:34 - Администратор нажал на кнопку "Список Товара"
02-08-2017 21:39:19 INFO  ItemListServlet:39 - Администратор нажал на кнопку "Сортировка товара по имени по возрастанию" на странице списка товара
02-08-2017 21:39:19 INFO  ItemListServlet:32 - Администратор нажал на кнопку "Сортировка товара по имени по убыванию" на странице списка товара
02-08-2017 21:39:53 INFO  MainServlet:34 - произведен вход за Администратора.
02-08-2017 21:39:55 INFO  AdminServlet:34 - Администратор нажал на кнопку "Список Товара"
02-08-2017 21:40:00 INFO  ItemListServlet:51 - Администратор нажал на кнопку "Сортировка товара по цене по возрастанию" на странице списка товара
02-08-2017 21:41:00 ERROR ItemService:100 - Ошибка при получении списка всех товаров
02-08-2017 21:41:52 INFO  MainServlet:34 - произведен вход за Администратора.
02-08-2017 21:41:54 INFO  AdminServlet:34 - Администратор нажал на кнопку "Список Товара"
02-08-2017 21:41:55 INFO  ItemListServlet:39 - Администратор нажал на кнопку "Сортировка товара по имени по возрастанию" на странице списка товара
02-08-2017 21:42:49 ERROR ItemService:100 - Ошибка при получении списка всех товаров
02-08-2017 21:49:50 INFO  MainServlet:45 - Введено имя пользователя  despetcher , который еще не заходил в магазин
02-08-2017 21:49:50 INFO  MainServlet:50 - произведен вход за покупателя despetcher  уже посещавшего магазин.
02-08-2017 21:49:53 INFO  UserServlet:64 - Пользователь despetcher  нажал на кнопку "Выход" на странице списка товара
02-08-2017 21:49:56 INFO  MainServlet:34 - произведен вход за Администратора.
02-08-2017 21:49:58 INFO  AdminServlet:34 - Администратор нажал на кнопку "Список Товара"
02-08-2017 21:49:59 INFO  ItemListServlet:37 - Администратор нажал на кнопку "Сортировка товара по имени по возрастанию" на странице списка товара
02-08-2017 21:50:00 INFO  ItemListServlet:30 - Администратор нажал на кнопку "Сортировка товара по имени по убыванию" на странице списка товара
02-08-2017 21:55:00 INFO  MainServlet:34 - произведен вход за Администратора.
02-08-2017 21:55:01 INFO  AdminServlet:34 - Администратор нажал на кнопку "Список Товара"
02-08-2017 21:55:03 INFO  ItemListServlet:37 - Администратор нажал на кнопку "Сортировка товара по имени по возрастанию" на странице списка товара
02-08-2017 22:01:14 ERROR ItemService:98 - Ошибка при получении списка всех товаров
02-08-2017 22:01:49 INFO  MainServlet:34 - произведен вход за Администратора.
02-08-2017 22:01:51 INFO  AdminServlet:34 - Администратор нажал на кнопку "Список Товара"
02-08-2017 22:01:53 INFO  ItemListServlet:43 - Администратор нажал на кнопку "Сортировка товара по цене по убыванию" на странице списка товара
02-08-2017 22:03:33 ERROR ItemService:99 - Ошибка при получении списка всех товаров
02-08-2017 22:06:19 INFO  ItemListServlet:30 - Администратор нажал на кнопку "Сортировка товара по имени по убыванию" на странице списка товара
02-08-2017 22:06:19 INFO  ItemListServlet:37 - Администратор нажал на кнопку "Сортировка товара по имени по возрастанию" на странице списка товара
02-08-2017 22:06:19 INFO  ItemListServlet:55 - Администратор нажал на кнопку "назад" на странице списка товара
02-08-2017 22:06:19 INFO  ItemListServlet:37 - Администратор нажал на кнопку "Сортировка товара по имени по возрастанию" на странице списка товара
02-08-2017 22:07:15 INFO  MainServlet:34 - произведен вход за Администратора.
02-08-2017 22:07:17 INFO  AdminServlet:34 - Администратор нажал на кнопку "Список Товара"
02-08-2017 22:07:19 INFO  ItemListServlet:37 - Администратор нажал на кнопку "Сортировка товара по имени по возрастанию" на странице списка товара
02-08-2017 22:08:20 INFO  MainServlet:34 - произведен вход за Администратора.
02-08-2017 22:08:22 INFO  AdminServlet:34 - Администратор нажал на кнопку "Список Товара"
02-08-2017 22:08:26 INFO  ItemListServlet:30 - Администратор нажал на кнопку "Сортировка товара по имени по убыванию" на странице списка товара
02-08-2017 22:09:14 ERROR ItemService:99 - Ошибка при получении списка всех товаров
02-08-2017 22:10:23 INFO  MainServlet:34 - произведен вход за Администратора.
02-08-2017 22:10:25 INFO  AdminServlet:34 - Администратор нажал на кнопку "Список Товара"
02-08-2017 22:10:27 INFO  ItemListServlet:30 - Администратор нажал на кнопку "Сортировка товара по имени по убыванию" на странице списка товара
02-08-2017 22:13:22 ERROR ItemService:99 - Ошибка при получении списка всех товаров
02-08-2017 22:19:23 INFO  MainServlet:34 - произведен вход за Администратора.
02-08-2017 22:19:25 INFO  AdminServlet:34 - Администратор нажал на кнопку "Список Товара"
02-08-2017 22:19:27 INFO  ItemListServlet:37 - Администратор нажал на кнопку "Сортировка товара по имени по возрастанию" на странице списка товара
02-08-2017 22:19:28 INFO  ItemListServlet:30 - Администратор нажал на кнопку "Сортировка товара по имени по убыванию" на странице списка товара
02-08-2017 22:19:29 INFO  ItemListServlet:37 - Администратор нажал на кнопку "Сортировка товара по имени по возрастанию" на странице списка товара
02-08-2017 22:19:45 INFO  ItemListServlet:43 - Администратор нажал на кнопку "Сортировка товара по цене по убыванию" на странице списка товара
02-08-2017 22:19:46 INFO  ItemListServlet:49 - Администратор нажал на кнопку "Сортировка товара по цене по возрастанию" на странице списка товара
02-08-2017 22:19:51 INFO  ItemListServlet:37 - Администратор нажал на кнопку "Сортировка товара по имени по возрастанию" на странице списка товара
02-08-2017 22:20:01 INFO  ItemListServlet:55 - Администратор нажал на кнопку "назад" на странице списка товара
02-08-2017 22:20:03 INFO  AdminServlet:27 - Администратор нажал на кнопку "Список Пользователей"
02-08-2017 22:20:05 INFO  UserListServlet:51 - Администратор нажал на кнопку "Блокировка пользователя" на странице списка пользователей
02-08-2017 22:20:05 INFO  UserListServlet:51 - Администратор нажал на кнопку "Блокировка пользователя" на странице списка пользователей
02-08-2017 22:21:39 INFO  MainServlet:34 - произведен вход за Администратора.
02-08-2017 22:21:40 INFO  AdminServlet:34 - Администратор нажал на кнопку "Список Товара"
02-08-2017 22:21:42 INFO  ItemListServlet:30 - Администратор нажал на кнопку "Сортировка товара по имени по убыванию" на странице списка товара
02-08-2017 22:22:33 INFO  ItemListServlet:55 - Администратор нажал на кнопку "назад" на странице списка товара
02-08-2017 22:22:35 INFO  AdminServlet:34 - Администратор нажал на кнопку "Список Товара"
02-08-2017 22:22:51 INFO  ItemListServlet:63 - Администратор нажал на кнопку "добавить новый товар", предварительно заполнив поле название и цена на странице списка товара
02-08-2017 22:23:05 INFO  ItemListServlet:63 - Администратор нажал на кнопку "добавить новый товар", предварительно заполнив поле название и цена на странице списка товара
02-08-2017 22:23:08 INFO  ItemListServlet:49 - Администратор нажал на кнопку "Сортировка товара по цене по возрастанию" на странице списка товара
02-08-2017 22:23:09 INFO  ItemListServlet:43 - Администратор нажал на кнопку "Сортировка товара по цене по убыванию" на странице списка товара
02-08-2017 22:23:10 INFO  ItemListServlet:37 - Администратор нажал на кнопку "Сортировка товара по имени по возрастанию" на странице списка товара
02-08-2017 22:23:11 INFO  ItemListServlet:30 - Администратор нажал на кнопку "Сортировка товара по имени по убыванию" на странице списка товара
02-08-2017 22:24:10 INFO  MainServlet:34 - произведен вход за Администратора.
02-08-2017 22:24:12 INFO  AdminServlet:34 - Администратор нажал на кнопку "Список Товара"
02-08-2017 22:24:15 INFO  ItemListServlet:30 - Администратор нажал на кнопку "Сортировка товара по имени по убыванию" на странице списка товара
02-08-2017 22:25:52 INFO  MainServlet:34 - произведен вход за Администратора.
02-08-2017 22:25:54 INFO  AdminServlet:34 - Администратор нажал на кнопку "Список Товара"
02-08-2017 22:25:56 INFO  ItemListServlet:37 - Администратор нажал на кнопку "Сортировка товара по имени по возрастанию" на странице списка товара
02-08-2017 22:34:07 ERROR ItemService:100 - Ошибка при получении списка всех товаров
02-08-2017 22:34:38 INFO  MainServlet:50 - произведен вход за покупателя admin  уже посещавшего магазин.
02-08-2017 22:35:05 INFO  UserServlet:36 - Пользователь admin  нажал на кнопку "Сортировка товара по имени по убыванию" на странице списка товара
02-08-2017 22:35:05 INFO  UserServlet:36 - Пользователь admin  нажал на кнопку "Сортировка товара по имени по убыванию" на странице списка товара
02-08-2017 22:35:06 INFO  UserServlet:36 - Пользователь admin  нажал на кнопку "Сортировка товара по имени по убыванию" на странице списка товара
02-08-2017 22:35:06 INFO  UserServlet:36 - Пользователь admin  нажал на кнопку "Сортировка товара по имени по убыванию" на странице списка товара
02-08-2017 22:35:06 INFO  UserServlet:36 - Пользователь admin  нажал на кнопку "Сортировка товара по имени по убыванию" на странице списка товара
02-08-2017 22:35:06 INFO  UserServlet:36 - Пользователь admin  нажал на кнопку "Сортировка товара по имени по убыванию" на странице списка товара
02-08-2017 22:35:09 INFO  UserServlet:64 - Пользователь admin  нажал на кнопку "Выход" на странице списка товара
02-08-2017 22:35:13 INFO  MainServlet:34 - произведен вход за Администратора.
02-08-2017 22:35:14 INFO  AdminServlet:34 - Администратор нажал на кнопку "Список Товара"
02-08-2017 22:35:21 INFO  ItemListServlet:63 - Администратор нажал на кнопку "добавить новый товар", предварительно заполнив поле название и цена на странице списка товара
02-08-2017 22:35:27 INFO  ItemListServlet:63 - Администратор нажал на кнопку "добавить новый товар", предварительно заполнив поле название и цена на странице списка товара
02-08-2017 22:35:37 INFO  ItemListServlet:63 - Администратор нажал на кнопку "добавить новый товар", предварительно заполнив поле название и цена на странице списка товара
02-08-2017 22:35:39 INFO  ItemListServlet:55 - Администратор нажал на кнопку "назад" на странице списка товара
02-08-2017 22:35:40 INFO  AdminServlet:42 - Администратор нажал на кнопку "Выход"
02-08-2017 22:35:44 INFO  MainServlet:50 - произведен вход за покупателя admin  уже посещавшего магазин.
02-08-2017 22:35:46 INFO  UserServlet:36 - Пользователь admin  нажал на кнопку "Сортировка товара по имени по убыванию" на странице списка товара
02-08-2017 22:35:46 INFO  UserServlet:36 - Пользователь admin  нажал на кнопку "Сортировка товара по имени по убыванию" на странице списка товара
02-08-2017 22:35:46 INFO  UserServlet:36 - Пользователь admin  нажал на кнопку "Сортировка товара по имени по убыванию" на странице списка товара
02-08-2017 22:35:47 INFO  UserServlet:36 - Пользователь admin  нажал на кнопку "Сортировка товара по имени по убыванию" на странице списка товара
02-08-2017 22:35:47 INFO  UserServlet:36 - Пользователь admin  нажал на кнопку "Сортировка товара по имени по убыванию" на странице списка товара
02-08-2017 22:35:47 INFO  UserServlet:36 - Пользователь admin  нажал на кнопку "Сортировка товара по имени по убыванию" на странице списка товара
02-08-2017 22:37:26 INFO  MainServlet:50 - произведен вход за покупателя admin  уже посещавшего магазин.
02-08-2017 22:37:28 INFO  UserServlet:36 - Пользователь admin  нажал на кнопку "Сортировка товара по имени по убыванию" на странице списка товара
02-08-2017 22:39:23 ERROR ItemService:102 - Ошибка при получении списка всех товаров
02-08-2017 22:39:56 INFO  MainServlet:50 - произведен вход за покупателя admin  уже посещавшего магазин.
02-08-2017 22:39:57 INFO  UserServlet:36 - Пользователь admin  нажал на кнопку "Сортировка товара по имени по убыванию" на странице списка товара
02-08-2017 22:46:29 INFO  MainServlet:50 - произведен вход за покупателя admin  уже посещавшего магазин.
02-08-2017 22:46:31 INFO  UserServlet:36 - Пользователь admin  нажал на кнопку "Сортировка товара по имени по убыванию" на странице списка товара
02-08-2017 22:47:40 INFO  MainServlet:50 - произведен вход за покупателя admin  уже посещавшего магазин.
02-08-2017 22:47:42 INFO  UserServlet:36 - Пользователь admin  нажал на кнопку "Сортировка товара по имени по убыванию" на странице списка товара
02-08-2017 22:53:53 INFO  MainServlet:45 - Введено имя пользователя  s , который еще не заходил в магазин
02-08-2017 22:53:53 INFO  MainServlet:50 - произведен вход за покупателя s  уже посещавшего магазин.
02-08-2017 22:53:55 INFO  UserServlet:36 - Пользователь s  нажал на кнопку "Сортировка товара по имени по убыванию" на странице списка товара
02-08-2017 22:53:59 INFO  UserServlet:36 - Пользователь s  нажал на кнопку "Сортировка товара по имени по убыванию" на странице списка товара
02-08-2017 22:53:59 INFO  UserServlet:36 - Пользователь s  нажал на кнопку "Сортировка товара по имени по убыванию" на странице списка товара
02-08-2017 22:53:59 INFO  UserServlet:36 - Пользователь s  нажал на кнопку "Сортировка товара по имени по убыванию" на странице списка товара
02-08-2017 22:53:59 INFO  UserServlet:36 - Пользователь s  нажал на кнопку "Сортировка товара по имени по убыванию" на странице списка товара
02-08-2017 22:54:00 INFO  UserServlet:36 - Пользователь s  нажал на кнопку "Сортировка товара по имени по убыванию" на странице списка товара
02-08-2017 22:54:00 INFO  UserServlet:36 - Пользователь s  нажал на кнопку "Сортировка товара по имени по убыванию" на странице списка товара
02-08-2017 22:54:00 INFO  UserServlet:36 - Пользователь s  нажал на кнопку "Сортировка товара по имени по убыванию" на странице списка товара
02-08-2017 22:56:43 INFO  MainServlet:45 - Введено имя пользователя  l , который еще не заходил в магазин
02-08-2017 22:56:43 INFO  MainServlet:50 - произведен вход за покупателя l  уже посещавшего магазин.
02-08-2017 22:56:45 INFO  UserServlet:42 - Пользователь l  нажал на кнопку "Сортировка товара по имени по убыванию" на странице списка товара
02-08-2017 22:57:17 INFO  UserServlet:42 - Пользователь l  нажал на кнопку "Сортировка товара по имени по убыванию" на странице списка товара
02-08-2017 22:57:47 INFO  MainServlet:45 - Введено имя пользователя  k , который еще не заходил в магазин
02-08-2017 22:57:47 INFO  MainServlet:50 - произведен вход за покупателя k  уже посещавшего магазин.
02-08-2017 22:57:49 INFO  UserServlet:42 - Пользователь k  нажал на кнопку "Сортировка товара по имени по убыванию" на странице списка товара
02-08-2017 22:58:57 INFO  MainServlet:34 - произведен вход за Администратора.
02-08-2017 22:58:59 INFO  AdminServlet:42 - Администратор нажал на кнопку "Выход"
02-08-2017 22:59:01 INFO  MainServlet:45 - Введено имя пользователя  ad , который еще не заходил в магазин
02-08-2017 22:59:01 INFO  MainServlet:50 - произведен вход за покупателя ad  уже посещавшего магазин.
02-08-2017 22:59:47 ERROR ItemService:105 - Ошибка при получении списка всех товаров
02-08-2017 23:00:20 INFO  UserServlet:42 - Пользователь ad  нажал на кнопку "Сортировка товара по имени по убыванию" на странице списка товара
02-08-2017 23:03:54 INFO  MainServlet:45 - Введено имя пользователя  kk , который еще не заходил в магазин
02-08-2017 23:03:54 INFO  MainServlet:50 - произведен вход за покупателя kk  уже посещавшего магазин.
02-08-2017 23:03:55 INFO  UserServlet:42 - Пользователь kk  нажал на кнопку "Сортировка товара по имени по убыванию" на странице списка товара
02-08-2017 23:09:18 INFO  MainServlet:34 - произведен вход за Администратора.
02-08-2017 23:09:19 INFO  AdminServlet:27 - Администратор нажал на кнопку "Список Пользователей"
02-08-2017 23:09:21 INFO  UserListServlet:32 - Администратор нажал на кнопку "Сортировка пользвателей по имени по убыванию" на странице списка пользователей
02-08-2017 23:09:22 INFO  UserListServlet:38 - Администратор нажал на кнопку "Сортировка пользвателей по имени по возрастанию" на странице списка пользователей
02-08-2017 23:09:25 INFO  UserListServlet:38 - Администратор нажал на кнопку "Сортировка пользвателей по имени по возрастанию" на странице списка пользователей
02-08-2017 23:09:26 INFO  UserListServlet:32 - Администратор нажал на кнопку "Сортировка пользвателей по имени по убыванию" на странице списка пользователей
02-08-2017 23:09:27 INFO  UserListServlet:38 - Администратор нажал на кнопку "Сортировка пользвателей по имени по возрастанию" на странице списка пользователей
02-08-2017 23:09:28 INFO  UserListServlet:32 - Администратор нажал на кнопку "Сортировка пользвателей по имени по убыванию" на странице списка пользователей
02-08-2017 23:09:29 INFO  UserListServlet:38 - Администратор нажал на кнопку "Сортировка пользвателей по имени по возрастанию" на странице списка пользователей
02-08-2017 23:09:57 INFO  UserListServlet:32 - Администратор нажал на кнопку "Сортировка пользвателей по имени по убыванию" на странице списка пользователей
02-08-2017 23:09:59 INFO  UserListServlet:38 - Администратор нажал на кнопку "Сортировка пользвателей по имени по возрастанию" на странице списка пользователей
02-08-2017 23:10:00 INFO  UserListServlet:45 - Администратор нажал на кнопку "Назад" на странице списка пользователей
02-08-2017 23:10:01 INFO  AdminServlet:34 - Администратор нажал на кнопку "Список Товара"
02-08-2017 23:10:03 INFO  ItemListServlet:37 - Администратор нажал на кнопку "Сортировка товара по имени по возрастанию" на странице списка товара
02-08-2017 23:10:06 INFO  ItemListServlet:30 - Администратор нажал на кнопку "Сортировка товара по имени по убыванию" на странице списка товара
02-08-2017 23:10:10 INFO  ItemListServlet:49 - Администратор нажал на кнопку "Сортировка товара по цене по возрастанию" на странице списка товара
02-08-2017 23:10:12 INFO  ItemListServlet:43 - Администратор нажал на кнопку "Сортировка товара по цене по убыванию" на странице списка товара
02-08-2017 23:10:15 INFO  ItemListServlet:49 - Администратор нажал на кнопку "Сортировка товара по цене по возрастанию" на странице списка товара
02-08-2017 23:10:19 INFO  ItemListServlet:55 - Администратор нажал на кнопку "назад" на странице списка товара
02-08-2017 23:10:21 INFO  AdminServlet:42 - Администратор нажал на кнопку "Выход"
02-08-2017 23:10:23 INFO  MainServlet:45 - Введено имя пользователя  b , который еще не заходил в магазин
02-08-2017 23:10:23 INFO  MainServlet:50 - произведен вход за покупателя b  уже посещавшего магазин.
02-08-2017 23:10:24 INFO  UserServlet:46 - Пользователь b  нажал на кнопку "Сортировка товара по имени по возрастанию" на странице списка товара
02-08-2017 23:10:25 INFO  UserServlet:39 - Пользователь b  нажал на кнопку "Сортировка товара по имени по убыванию" на странице списка товара
02-08-2017 23:10:27 INFO  UserServlet:60 - Пользователь b  нажал на кнопку "Сортировка товара по цене по возрастанию" на странице списка товара
02-08-2017 23:10:28 INFO  UserServlet:53 - Пользователь b  нажал на кнопку "Сортировка товара по цене по убыванию" на странице списка товара
02-08-2017 23:15:50 INFO  MainServlet:34 - произведен вход за Администратора.
02-08-2017 23:15:52 INFO  AdminServlet:27 - Администратор нажал на кнопку "Список Пользователей"
02-08-2017 23:15:53 INFO  UserListServlet:32 - Администратор нажал на кнопку "Сортировка пользвателей по имени по убыванию" на странице списка пользователей
02-08-2017 23:16:07 INFO  UserListServlet:38 - Администратор нажал на кнопку "Сортировка пользвателей по имени по возрастанию" на странице списка пользователей
02-08-2017 23:16:12 INFO  UserListServlet:32 - Администратор нажал на кнопку "Сортировка пользвателей по имени по убыванию" на странице списка пользователей
02-08-2017 23:17:22 INFO  UserListServlet:45 - Администратор нажал на кнопку "Назад" на странице списка пользователей
02-08-2017 23:17:24 INFO  AdminServlet:27 - Администратор нажал на кнопку "Список Пользователей"
02-08-2017 23:17:25 INFO  UserListServlet:45 - Администратор нажал на кнопку "Назад" на странице списка пользователей
02-08-2017 23:17:26 INFO  AdminServlet:42 - Администратор нажал на кнопку "Выход"
02-08-2017 23:17:31 INFO  MainServlet:45 - Введено имя пользователя  admin , который еще не заходил в магазин
02-08-2017 23:17:31 INFO  MainServlet:50 - произведен вход за покупателя admin  уже посещавшего магазин.
02-08-2017 23:17:34 INFO  UserServlet:67 - Пользователь admin  нажал на кнопку "Выход" на странице списка товара
02-08-2017 23:17:42 INFO  MainServlet:45 - Введено имя пользователя  Админ , который еще не заходил в магазин
02-08-2017 23:17:42 INFO  MainServlet:50 - произведен вход за покупателя Админ  уже посещавшего магазин.
02-08-2017 23:17:48 INFO  MainServlet:45 - Введено имя пользователя  Покупатель , который еще не заходил в магазин
02-08-2017 23:17:48 INFO  MainServlet:50 - произведен вход за покупателя Покупатель  уже посещавшего магазин.
02-08-2017 23:17:53 INFO  MainServlet:45 - Введено имя пользователя  Иван , который еще не заходил в магазин
02-08-2017 23:17:53 INFO  MainServlet:50 - произведен вход за покупателя Иван  уже посещавшего магазин.
02-08-2017 23:17:59 INFO  MainServlet:45 - Введено имя пользователя  Кирилл , который еще не заходил в магазин
02-08-2017 23:17:59 INFO  MainServlet:50 - произведен вход за покупателя Кирилл  уже посещавшего магазин.
02-08-2017 23:18:06 INFO  MainServlet:45 - Введено имя пользователя  Мефодий , который еще не заходил в магазин
02-08-2017 23:18:06 INFO  MainServlet:50 - произведен вход за покупателя Мефодий  уже посещавшего магазин.
02-08-2017 23:18:13 INFO  MainServlet:45 - Введено имя пользователя  Константин , который еще не заходил в магазин
02-08-2017 23:18:13 INFO  MainServlet:50 - произведен вход за покупателя Константин  уже посещавшего магазин.
02-08-2017 23:18:18 INFO  MainServlet:45 - Введено имя пользователя  Иракли , который еще не заходил в магазин
02-08-2017 23:18:18 INFO  MainServlet:50 - произведен вход за покупателя Иракли  уже посещавшего магазин.
02-08-2017 23:18:22 INFO  MainServlet:34 - произведен вход за Администратора.
02-08-2017 23:18:23 INFO  AdminServlet:27 - Администратор нажал на кнопку "Список Пользователей"
02-08-2017 23:18:26 INFO  UserListServlet:32 - Администратор нажал на кнопку "Сортировка пользвателей по имени по убыванию" на странице списка пользователей
02-08-2017 23:18:31 INFO  UserListServlet:38 - Администратор нажал на кнопку "Сортировка пользвателей по имени по возрастанию" на странице списка пользователей
02-08-2017 23:18:33 INFO  UserListServlet:45 - Администратор нажал на кнопку "Назад" на странице списка пользователей
02-08-2017 23:18:36 INFO  AdminServlet:42 - Администратор нажал на кнопку "Выход"
02-08-2017 23:18:40 INFO  MainServlet:45 - Введено имя пользователя  shopper , который еще не заходил в магазин
02-08-2017 23:18:40 INFO  MainServlet:50 - произведен вход за покупателя shopper  уже посещавшего магазин.
02-08-2017 23:18:43 INFO  UserServlet:67 - Пользователь shopper  нажал на кнопку "Выход" на странице списка товара
02-08-2017 23:18:48 INFO  MainServlet:45 - Введено имя пользователя  buyer , который еще не заходил в магазин
02-08-2017 23:18:48 INFO  MainServlet:50 - произведен вход за покупателя buyer  уже посещавшего магазин.
02-08-2017 23:18:50 INFO  UserServlet:67 - Пользователь buyer  нажал на кнопку "Выход" на странице списка товара
02-08-2017 23:18:54 INFO  MainServlet:45 - Введено имя пользователя  hacker , который еще не заходил в магазин
02-08-2017 23:18:54 INFO  MainServlet:50 - произведен вход за покупателя hacker  уже посещавшего магазин.
02-08-2017 23:18:57 INFO  UserServlet:67 - Пользователь hacker  нажал на кнопку "Выход" на странице списка товара
02-08-2017 23:18:59 INFO  MainServlet:34 - произведен вход за Администратора.
02-08-2017 23:19:01 INFO  AdminServlet:27 - Администратор нажал на кнопку "Список Пользователей"
02-08-2017 23:19:02 INFO  UserListServlet:38 - Администратор нажал на кнопку "Сортировка пользвателей по имени по возрастанию" на странице списка пользователей
02-08-2017 23:19:03 INFO  UserListServlet:32 - Администратор нажал на кнопку "Сортировка пользвателей по имени по убыванию" на странице списка пользователей
02-08-2017 23:19:15 INFO  UserListServlet:51 - Администратор нажал на кнопку "Блокировка пользователя" на странице списка пользователей
02-08-2017 23:19:20 INFO  UserListServlet:38 - Администратор нажал на кнопку "Сортировка пользвателей по имени по возрастанию" на странице списка пользователей
02-08-2017 23:19:22 INFO  UserListServlet:51 - Администратор нажал на кнопку "Блокировка пользователя" на странице списка пользователей
02-08-2017 23:19:26 INFO  UserListServlet:45 - Администратор нажал на кнопку "Назад" на странице списка пользователей
02-08-2017 23:19:27 INFO  AdminServlet:34 - Администратор нажал на кнопку "Список Товара"
02-08-2017 23:19:29 INFO  ItemListServlet:30 - Администратор нажал на кнопку "Сортировка товара по имени по убыванию" на странице списка товара
02-08-2017 23:19:29 INFO  ItemListServlet:37 - Администратор нажал на кнопку "Сортировка товара по имени по возрастанию" на странице списка товара
02-08-2017 23:19:37 INFO  ItemListServlet:63 - Администратор нажал на кнопку "добавить новый товар", предварительно заполнив поле название и цена на странице списка товара
02-08-2017 23:19:42 INFO  ItemListServlet:63 - Администратор нажал на кнопку "добавить новый товар", предварительно заполнив поле название и цена на странице списка товара
02-08-2017 23:19:48 INFO  ItemListServlet:63 - Администратор нажал на кнопку "добавить новый товар", предварительно заполнив поле название и цена на странице списка товара
02-08-2017 23:19:56 INFO  ItemListServlet:63 - Администратор нажал на кнопку "добавить новый товар", предварительно заполнив поле название и цена на странице списка товара
02-08-2017 23:19:58 INFO  ItemListServlet:37 - Администратор нажал на кнопку "Сортировка товара по имени по возрастанию" на странице списка товара
02-08-2017 23:20:00 INFO  ItemListServlet:30 - Администратор нажал на кнопку "Сортировка товара по имени по убыванию" на странице списка товара
02-08-2017 23:20:05 INFO  ItemListServlet:55 - Администратор нажал на кнопку "назад" на странице списка товара
02-08-2017 23:20:07 INFO  AdminServlet:42 - Администратор нажал на кнопку "Выход"
02-08-2017 23:20:13 INFO  MainServlet:41 - введено имя покупатель  -заблокированный позьзователь
02-08-2017 23:20:13 INFO  MainServlet:50 - произведен вход за покупателя покупатель  уже посещавшего магазин.
02-08-2017 23:20:14 INFO  BlockServlet:25 - Заблокированный пользователь покупатель  нажал на кнопку "Выход"
02-08-2017 23:20:23 INFO  MainServlet:45 - Введено имя пользователя  шоппер , который еще не заходил в магазин
02-08-2017 23:20:23 INFO  MainServlet:50 - произведен вход за покупателя шоппер  уже посещавшего магазин.
02-08-2017 23:21:02 INFO  UserServlet:46 - Пользователь шоппер  нажал на кнопку "Сортировка товара по имени по возрастанию" на странице списка товара
02-08-2017 23:21:03 INFO  UserServlet:39 - Пользователь шоппер  нажал на кнопку "Сортировка товара по имени по убыванию" на странице списка товара
02-08-2017 23:21:05 INFO  UserServlet:46 - Пользователь шоппер  нажал на кнопку "Сортировка товара по имени по возрастанию" на странице списка товара
02-08-2017 23:21:14 INFO  UserServlet:67 - Пользователь шоппер  нажал на кнопку "Выход" на странице списка товара
02-08-2017 23:21:20 INFO  MainServlet:34 - произведен вход за Администратора.
02-08-2017 23:21:21 INFO  AdminServlet:27 - Администратор нажал на кнопку "Список Пользователей"
02-08-2017 23:21:25 INFO  UserListServlet:38 - Администратор нажал на кнопку "Сортировка пользвателей по имени по возрастанию" на странице списка пользователей
02-08-2017 23:21:27 INFO  UserListServlet:32 - Администратор нажал на кнопку "Сортировка пользвателей по имени по убыванию" на странице списка пользователей
02-08-2017 23:21:36 INFO  UserListServlet:45 - Администратор нажал на кнопку "Назад" на странице списка пользователей
02-08-2017 23:21:38 INFO  AdminServlet:42 - Администратор нажал на кнопку "Выход"
